# Photometer filter log - 02/24/2014 11:53:46
# Major Minor   ILavg   lastRGB  lastILavg  relChange  absChange
    -2   1       0.185  #000000     0.000
    -1   1       0.185  #000000     0.000
     0   1       0.185  #000000     0.000
     1   1       0.205  #050505     0.000
     1   2       0.283  #0b0b0b     0.000
    17   1       0.569  #151515     0.000
    17   2       0.852  #1b1b1b     0.000
    33   1       1.516  #252525     0.000
    33   2       2.027  #2b2b2b     0.000
    49   1       3.149  #353535     0.000
    49   2       3.999  #3b3b3b     0.000
    65   1       5.601  #454545     0.000
    65   2       6.896  #4b4b4b     0.000
    81   1       9.287  #555555     0.000
    81   2      11.116  #5b5b5b     0.000
    97   1      14.662  #656565     0.000
    97   2      16.800  #6b6b6b     0.000
   113   1      20.982  #757575     0.000
   113   2      23.926  #7b7b7b     0.000
   129   1      29.552  #858585     0.000
   129   2      33.550  #8b8b8b     0.000
   145   1      40.575  #959595     0.000
   145   2      45.230  #9b9b9b     0.000
   161   1      53.073  #a5a5a5     0.000
   161   2      57.654  #ababab     0.000
   177   1      65.869  #b5b5b5     0.000
   177   2      71.099  #bbbbbb     0.000
   193   1      80.542  #c5c5c5     0.000
   193   2      86.911  #cbcbcb     0.000
   209   1     100.370  #d5d5d5     0.000
   209   2     109.254  #dbdbdb     0.000
   225   1     124.491  #e5e5e5     0.000
   225   2     134.096  #ebebeb     0.000
   241   1     150.094  #f5f5f5     0.000
   241   2     158.100  #fbfbfb     0.000
   256   1     162.618  #ffffff     0.000
